<?xml version="1.0" encoding="UTF-8"?>
<!-- Generated by org.testng.reporters.JUnitXMLReporter -->
<testsuite hostname="MAVBCP77" ignored="0" name="Test 1" tests="4" failures="0" timestamp="2020-06-26T12:18:36 IST" time="0.125" errors="0">
  <testcase name="Substration" time="0.024" classname="com.internetapp.tests.TestCalculator"/>
  <testcase name="add" time="0.024" classname="com.internetapp.tests.TestCalculator"/>
  <testcase name="multiplication" time="0.006" classname="com.internetapp.tests.TestCalculator"/>
  <testcase name="division" time="0.01" classname="com.internetapp.tests.TestCalculator"/>
</testsuite> <!-- Test 1 -->
