<?xml version="1.0" encoding="UTF-8"?>
<!-- Generated by org.testng.reporters.JUnitXMLReporter -->
<testsuite hostname="MAVBCP77" ignored="6" name="Grouping Scenarios" tests="1" failures="0" timestamp="2020-06-25T13:14:45 IST" time="0.078" errors="0">
  <testcase name="add" time="0.022" classname="com.internetapp.tests.TestCalculator"/>
  <testcase name="inverse" time="0.0" classname="com.internetapp.tests.TestCalculator">
    <ignored/>
  </testcase> <!-- inverse -->
  <testcase name="negative" time="0.0" classname="com.internetapp.tests.TestCalculator">
    <ignored/>
  </testcase> <!-- negative -->
  <testcase name="division" time="0.0" classname="com.internetapp.tests.TestCalculator">
    <ignored/>
  </testcase> <!-- division -->
  <testcase name="exponent" time="0.0" classname="com.internetapp.tests.TestCalculator">
    <ignored/>
  </testcase> <!-- exponent -->
  <testcase name="multiplication" time="0.0" classname="com.internetapp.tests.TestCalculator">
    <ignored/>
  </testcase> <!-- multiplication -->
  <testcase name="Substration" time="0.0" classname="com.internetapp.tests.TestCalculator">
    <ignored/>
  </testcase> <!-- Substration -->
</testsuite> <!-- Grouping Scenarios -->
