<?xml version="1.0" encoding="UTF-8"?>
<!-- Generated by org.testng.reporters.JUnitXMLReporter -->
<testsuite hostname="MAVBCP77" ignored="0" name="Test 1" tests="4" failures="0" timestamp="2020-06-26T12:17:43 IST" time="0.079" errors="0">
  <testcase name="Sum" time="0.011" classname="com.internetapp.tests.TestCalculator2"/>
  <testcase name="Sum" time="0.002" classname="com.internetapp.tests.TestCalculator2"/>
  <testcase name="inverse" time="0.005" classname="com.internetapp.tests.TestCalculator2"/>
  <testcase name="negative" time="0.002" classname="com.internetapp.tests.TestCalculator2"/>
</testsuite> <!-- Test 1 -->
